<?xml version="1.0" encoding="UTF-8"?>
<testsuite xmlns:xsi="http://www.w3.org/2001/XMLSchema-instance" xsi:noNamespaceSchemaLocation="https://maven.apache.org/surefire/maven-surefire-plugin/xsd/surefire-test-report.xsd" name="entities.EmployeeMapper2Test" time="0.002" tests="6" errors="0" skipped="0" failures="0">
  <properties>
[...]
</properties>
  <testcase name="testPersistentFieldNames" classname="entities.EmployeeMapper2Test" time="0"/>
  <testcase name="testExplode" classname="entities.EmployeeMapper2Test" time="0"/>
  <testcase name="testGetTableName" classname="entities.EmployeeMapper2Test" time="0"/>
  <testcase name="testKeyExtractor" classname="entities.EmployeeMapper2Test" time="0"/>
  <testcase name="testGetIdName" classname="entities.EmployeeMapper2Test" time="0"/>
  <testcase name="testImplode" classname="entities.EmployeeMapper2Test" time="0.002"/>
</testsuite>